<?xml version="1.0" encoding="UTF-8"?>
<!-- Generated by org.testng.reporters.JUnitReportReporter -->
<testsuite hostname="DESKTOP-VRIL0A8" failures="0" tests="1" name="Com.Test.Iframe" time="46.702" errors="0" timestamp="2022-03-05T23:10:47 IST" skipped="0">
  <testcase classname="Com.Test.Iframe" name="Iframe" time="46.702"/>
  <system-out/>
</testsuite> <!-- Com.Test.Iframe -->
