<?xml version="1.0" encoding="UTF-8"?>
<!-- Generated by org.testng.reporters.JUnitReportReporter -->
<testsuite hostname="DESKTOP-VRIL0A8" failures="0" tests="1" name="Com.Test.PageScroll" time="69.791" errors="0" timestamp="2022-03-05T22:49:21 IST" skipped="0">
  <testcase classname="Com.Test.PageScroll" name="PageScroll" time="69.791"/>
  <system-out/>
</testsuite> <!-- Com.Test.PageScroll -->
